mode: set
module06/internal/pkg/util/util.go:8.45,10.9 2 1
module06/internal/pkg/util/util.go:14.2,15.13 2 1
module06/internal/pkg/util/util.go:24.2,24.20 1 1
module06/internal/pkg/util/util.go:10.9,12.3 1 0
module06/internal/pkg/util/util.go:15.13,17.50 2 1
module06/internal/pkg/util/util.go:21.3,21.10 1 1
module06/internal/pkg/util/util.go:17.50,19.4 1 1
module06/internal/pkg/util/util.go:28.41,30.25 2 1
module06/internal/pkg/util/util.go:38.2,38.14 1 1
module06/internal/pkg/util/util.go:30.25,31.26 1 1
module06/internal/pkg/util/util.go:35.3,35.22 1 1
module06/internal/pkg/util/util.go:31.26,33.4 1 1
module06/internal/pkg/util/util.go:42.31,43.36 1 1
module06/internal/pkg/util/util.go:47.2,48.22 2 1
module06/internal/pkg/util/util.go:54.2,54.48 1 1
module06/internal/pkg/util/util.go:43.36,45.3 1 1
module06/internal/pkg/util/util.go:48.22,52.3 3 1
module06/internal/pkg/util/util.go:58.21,59.11 1 1
module06/internal/pkg/util/util.go:63.2,63.28 1 1
module06/internal/pkg/util/util.go:59.11,61.3 1 1
module06/internal/pkg/util/util.go:67.29,69.25 2 1
module06/internal/pkg/util/util.go:73.2,73.10 1 1
module06/internal/pkg/util/util.go:69.25,71.3 1 1
module06/internal/pkg/util/util.go:77.56,78.22 1 1
module06/internal/pkg/util/util.go:82.2,82.10 1 1
module06/internal/pkg/util/util.go:78.22,80.3 1 1
